2026-07-01 07:50:25,587 - __main__ - INFO - ============================================================
2026-07-01 07:50:25,587 - __main__ - INFO - 芯片制造洞察收集器启动
2026-07-01 07:50:25,588 - __main__ - INFO - 日期：2026-07-01
2026-07-01 07:50:25,588 - __main__ - INFO - 时间：07:50
2026-07-01 07:50:25,588 - __main__ - INFO - ============================================================
2026-07-01 07:50:25,588 - __main__ - INFO - 当日目录：C:\Users\Tour\.openclaw\workspace\codes-public\obsidian-chip-insights\2026-07-01
2026-07-01 07:50:25,588 - __main__ - INFO - 开始搜索芯片制造洞察...
2026-07-01 07:50:25,588 - __main__ - INFO - 找到 8 条洞察
2026-07-01 07:50:25,590 - __main__ - INFO - 创建笔记：Gartner_2026_年芯片制造智能制造五大趋势.md
2026-07-01 07:50:25,591 - __main__ - INFO - 创建笔记：半导体晶圆厂_MES_系统新能力解析.md
2026-07-01 07:50:25,591 - __main__ - INFO - 创建笔记：芯片制造_AI_质检技术突破.md
2026-07-01 07:50:25,592 - __main__ - INFO - 创建笔记：台积电智能制造工厂最佳实践.md
2026-07-01 07:50:25,593 - __main__ - INFO - 创建笔记：半导体设备预测性维护系统.md
2026-07-01 07:50:25,593 - __main__ - INFO - 创建笔记：芯片制造数字孪生技术应用指南.md
2026-07-01 07:50:25,594 - __main__ - INFO - 创建笔记：2026_全球半导体智能制造市场报告.md
2026-07-01 07:50:25,595 - __main__ - INFO - 创建笔记：中芯国际智能工厂建设进展.md
2026-07-01 07:50:25,596 - __main__ - INFO - 创建索引文件：C:\Users\Tour\.openclaw\workspace\codes-public\obsidian-chip-insights\2026-07-01\📊 芯片制造洞察索引.md
2026-07-01 07:50:25,596 - __main__ - INFO - 开始 Git 操作...
2026-07-01 07:50:28,311 - __main__ - INFO - Git 推送成功
2026-07-01 07:50:28,314 - __main__ - INFO - ============================================================
2026-07-01 07:50:28,314 - __main__ - INFO - 收集完成!
2026-07-01 07:50:28,314 - __main__ - INFO - 处理洞察：8 条
2026-07-01 07:50:28,314 - __main__ - INFO - 创建文件：9 个
2026-07-01 07:50:28,314 - __main__ - INFO - Git 推送：成功
2026-07-01 07:50:28,314 - __main__ - INFO - ============================================================
2026-07-01 07:50:28,314 - __main__ - INFO - 完成通知已生成（cron announce 将自动发送）
2026-07-01 07:50:28,314 - __main__ - ERROR - 发送通知异常：'gbk' codec can't encode character '\U0001f52c' in position 0: illegal multibyte sequence
